
> server@1.0.0 start
> cross-env NODE_ENV=production node index.js

Missing mailgun keys
Missing mailgun keys
Missing google keys
✓ Listening on port 3000. Visit http://localhost:3000/ in your browser.
Missing facebook keys
(node:2115) [DEP0170] DeprecationWarning: The URL mongodb://mohamedaminetouihri9:xPOYFcYJIlhX8Euw@maison-algues-shard-00-02.kdmq6.mongodb.net:27017,maison-algues-shard-00-00.kdmq6.mongodb.net:27017,maison-algues-shard-00-01.kdmq6.mongodb.net:27017/?authSource=admin&replicaSet=atlas-56gqow-shard-0&retryWrites=true&w=majority&appName=maison-algues&ssl=true is invalid. Future versions of Node.js will throw an error.
(Use `node --trace-deprecation ...` to show where the warning was created)
✓ MongoDB Connected!
{
  fieldname: 'image',
  originalname: 'power-spiruline.jpg',
  encoding: '7bit',
  mimetype: 'image/jpeg',
  destination: 'utils/images',
  filename: '1730362633719-power-spiruline.jpg',
  path: 'utils/images/1730362633719-power-spiruline.jpg',
  size: 4890
}
{
  fieldname: 'image',
  originalname: 'SPIRULINE-C50-Acerola.png',
  encoding: '7bit',
  mimetype: 'image/png',
  destination: 'utils/images',
  filename: '1730362716484-spiruline-c50-acerola.png',
  path: 'utils/images/1730362716484-spiruline-c50-acerola.png',
  size: 372768
}
undefined
{
  fieldname: 'image',
  originalname: 'chlorella-png.png',
  encoding: '7bit',
  mimetype: 'image/png',
  destination: 'utils/images',
  filename: '1730362862759-chlorella-png.png',
  path: 'utils/images/1730362862759-chlorella-png.png',
  size: 566066
}
{
  fieldname: 'image',
  originalname: 'visionline-png.png',
  encoding: '7bit',
  mimetype: 'image/png',
  destination: 'utils/images',
  filename: '1730363012175-visionline-png.png',
  path: 'utils/images/1730363012175-visionline-png.png',
  size: 761633
}
{
  address: 'el baten- menzel jemil 7080- bizerte',
  city: 'Bizerte',
  phoneNumber: '23545123',
  zipCode: '7080',
  fullName: 'ahmed touihri',
  email: 'ahmedtouihri4@gmail.com',
  paymentMethod: 'paiementEnLigne'
}
